<?xml version="1.0" encoding="UTF-8"?>
<!-- Generated by org.testng.reporters.JUnitXMLReporter -->
<testsuite hostname="DELL" ignored="0" name="Test2" tests="2" failures="1" timestamp="01 Oct 2020 18:45:14 GMT" time="190.479" errors="0">
  <testcase name="getwordprom" time="68.632" classname="Instagram.E2EIns.InstaTest2"/>
  <testcase name="getwordprom" time="68.692" classname="Instagram.E2EIns.InstaTest2">
    <failure type="java.lang.NullPointerException">
      <![CDATA[java.lang.NullPointerException
at Instagram.E2EIns.Listeners.onTestSuccess(Listeners.java:55)
at java.util.concurrent.FutureTask.run(FutureTask.java:266)
at java.util.concurrent.ThreadPoolExecutor.runWorker(ThreadPoolExecutor.java:1149)
at java.util.concurrent.ThreadPoolExecutor$Worker.run(ThreadPoolExecutor.java:624)
at java.lang.Thread.run(Thread.java:748)
... Removed 13 stack frames]]>
    </failure>
  </testcase> <!-- getwordprom -->
</testsuite> <!-- Test2 -->
