<?xml version="1.0" encoding="UTF-8"?>
<!-- Generated by org.testng.reporters.JUnitXMLReporter -->
<testsuite hostname="DELL" ignored="0" name="Test" tests="6" failures="0" timestamp="30 Sep 2020 20:16:56 GMT" time="94.301" errors="0">
  <testcase name="initialize" time="18.727" classname="Instagram.E2EIns.InstaTest2"/>
  <testcase name="initialize" time="12.611" classname="Instagram.E2EIns.InstaTest1"/>
  <testcase name="getscribblestoriesdata" time="29.807" classname="Instagram.E2EIns.InstaTest2"/>
  <testcase name="getscribblestoriesdata" time="29.7" classname="Instagram.E2EIns.InstaTest1"/>
  <testcase name="tearDown" time="2.211" classname="Instagram.E2EIns.InstaTest2"/>
  <testcase name="tearDown" time="1.157" classname="Instagram.E2EIns.InstaTest1"/>
</testsuite> <!-- Test -->
