-------------------------------------------------------------------------------
Test set: TestSuite
-------------------------------------------------------------------------------
Tests run: 4, Failures: 2, Errors: 0, Skipped: 0, Time elapsed: 194.795 s <<< FAILURE! - in TestSuite
Instagram.E2EIns.InstaTest2.getwordprom  Time elapsed: 66.975 s  <<< FAILURE!
java.lang.NullPointerException

Instagram.E2EIns.InstaTest1.getscribblestoriesdata  Time elapsed: 77.412 s  <<< FAILURE!
java.lang.NullPointerException

