<?xml version="1.0" encoding="UTF-8"?>
<testsuite xmlns:xsi="http://www.w3.org/2001/XMLSchema-instance" xsi:noNamespaceSchemaLocation="https://maven.apache.org/surefire/maven-surefire-plugin/xsd/surefire-test-report-3.0.xsd" version="3.0" name="TestSuite" time="224.716" tests="2" errors="0" skipped="0" failures="0">
  <properties>
[...]
</properties>
  <testcase name="getwordprom" classname="Instagram.E2EIns.InstaTest2" time="101.914">
    <system-out><![CDATA[Insta2 Initialize
Insta1 initialize
Insta2 getwordporm
ChromeDriver: chrome on WINDOWS (00930cd2b886e9642c2a31b45661ae17)
Insta1 getscribblestores
ChromeDriver: chrome on WINDOWS (a9d594613f9bbc22f8ae968a3478949b)
ChromeDriver: chrome on WINDOWS (00930cd2b886e9642c2a31b45661ae17)
ChromeDriver: chrome on WINDOWS (a9d594613f9bbc22f8ae968a3478949b)
1212]]></system-out>
    <system-err><![CDATA[SSttaarrttiinngg  CChhrromoemDerDivreirv e8r5 .805..4108.34.1887 3(.c8d767 1(3cedb6f79123fa1ecbafcc920ffa11ac5ac9c80dff12a8500998d3fa2f800c059d73-arfe0fcs5/db7r-arnecfhs-/hberadasn/c4h1-8h3ea@{d#s1/648198})3 @on{ #p1o6r8t9 }1)9 1o79n 
poOrntly  2l5o0c6a1l
 Ocnloyn lneoccatilo cnos nanreect ailonlosw eard.e 
Pallelaoswee dse.e
 Phtltepass:e// cshere ohmtetdprsi:v/e/rc.hcrhormoemdiruimv.eorr.g/chsercoumriituym-.coonrsgi/dsereactuiroints yf-ocro nssiudgegreasttiioonnss  foonr  kseuegpgiengs tCihornosme Dorni vkere espianfge C.h
romeDriver safe.
ChromCehrDormieveDrri vweasr  swatasr stteadrt esdu scuccecsessfsuflullyl.y.

[1601543131.107][WARNING]: Timed out connecting to Chrome, retrying...
[1601543131.143][WARNING]: Timed out connecting to Chrome, retrying...
Oct 01, 2020 2:35:42 PM org.openqa.selenium.remote.ProtocolHandshake createSession
INFO: Detected dialect: W3C
Oct 01, 2020 2:35:42 PM org.openqa.selenium.remote.ProtocolHandshake createSession
INFO: Detected dialect: W3C
]]></system-err>
  </testcase>
  <testcase name="getscribblestoriesdata" classname="Instagram.E2EIns.InstaTest1" time="115.254">
    <system-out><![CDATA[Insta2 teardown
]]></system-out>
  </testcase>
</testsuite>