<?xml version="1.0" encoding="UTF-8"?>
<testng-results skipped="0" failed="0" total="1" passed="1">
  <reporter-output>
  </reporter-output>
  <suite name="Default suite" duration-ms="58059" started-at="2020-10-09T20:15:00Z" finished-at="2020-10-09T20:15:58Z">
    <groups>
    </groups>
    <test name="Default test" duration-ms="58059" started-at="2020-10-09T20:15:00Z" finished-at="2020-10-09T20:15:58Z">
      <class name="Instagram.E2EIns.InstaTest5">
        <test-method status="PASS" signature="getcount()[pri:0, instance:Instagram.E2EIns.InstaTest5@59f99ea]" name="getcount" duration-ms="57991" started-at="2020-10-10T01:45:00Z" finished-at="2020-10-10T01:45:58Z">
          <reporter-output>
          </reporter-output>
        </test-method> <!-- getcount -->
      </class> <!-- Instagram.E2EIns.InstaTest5 -->
    </test> <!-- Default test -->
  </suite> <!-- Default suite -->
</testng-results>
